[debug] [2025-04-09T23:54:39.231Z] ----------------------------------------------------------------------
[debug] [2025-04-09T23:54:39.239Z] Command:       C:\Program Files (x86)\nodejs\node.exe C:\Users\flore\AppData\Roaming\npm\node_modules\firebase-tools\lib\bin\firebase.js init
[debug] [2025-04-09T23:54:39.240Z] CLI Version:   14.1.0
[debug] [2025-04-09T23:54:39.240Z] Platform:      win32
[debug] [2025-04-09T23:54:39.240Z] Node Version:  v20.11.0
[debug] [2025-04-09T23:54:39.240Z] Time:          Thu Apr 10 2025 00:54:39 GMT+0100 (West Africa Standard Time)
[debug] [2025-04-09T23:54:39.241Z] ----------------------------------------------------------------------
[debug] 
[debug] [2025-04-09T23:54:39.254Z] > command requires scopes: ["email","openid","https://www.googleapis.com/auth/cloudplatformprojects.readonly","https://www.googleapis.com/auth/firebase","https://www.googleapis.com/auth/cloud-platform"]
[debug] [2025-04-09T23:54:39.256Z] > authorizing via signed-in user (florenceonyi09@gmail.com)
[info] 
     ######## #### ########  ######## ########     ###     ######  ########
     ##        ##  ##     ## ##       ##     ##  ##   ##  ##       ##
     ######    ##  ########  ######   ########  #########  ######  ######
     ##        ##  ##    ##  ##       ##     ## ##     ##       ## ##
     ##       #### ##     ## ######## ########  ##     ##  ######  ########

You're about to initialize a Firebase project in this directory:

  C:\Users\flore\OneDrive\Desktop\My Websites\Elora Tech Institute

[info] 
=== Project Setup
[info] 
[info] First, let's associate this project directory with a Firebase project.
[info] You can create multiple project aliases by running firebase use --add, 
[info] but for now we'll just set up a default project.
[info] 
[debug] [2025-04-09T23:54:55.203Z] Checked if tokens are valid: true, expires at: 1744246032362
[debug] [2025-04-09T23:54:55.203Z] Checked if tokens are valid: true, expires at: 1744246032362
[debug] [2025-04-09T23:54:55.206Z] >>> [apiv2][query] GET https://firebase.googleapis.com/v1beta1/projects pageSize=100
[debug] [2025-04-09T23:54:56.168Z] <<< [apiv2][status] GET https://firebase.googleapis.com/v1beta1/projects 200
[debug] [2025-04-09T23:54:56.168Z] <<< [apiv2][body] GET https://firebase.googleapis.com/v1beta1/projects [omitted]
[info] i  Using project elora-tech-institute (Elora Tech Institute) 
[info] 
=== Dataconnect Setup
[debug] [2025-04-09T23:54:57.748Z] Checked if tokens are valid: true, expires at: 1744246032362
[debug] [2025-04-09T23:54:57.749Z] Checked if tokens are valid: true, expires at: 1744246032362
[debug] [2025-04-09T23:54:57.749Z] >>> [apiv2][query] GET https://cloudbilling.googleapis.com/v1/projects/elora-tech-institute/billingInfo [none]
[debug] [2025-04-09T23:54:58.481Z] <<< [apiv2][status] GET https://cloudbilling.googleapis.com/v1/projects/elora-tech-institute/billingInfo 200
[debug] [2025-04-09T23:54:58.481Z] <<< [apiv2][body] GET https://cloudbilling.googleapis.com/v1/projects/elora-tech-institute/billingInfo {"name":"projects/elora-tech-institute/billingInfo","projectId":"elora-tech-institute","billingAccountName":"","billingEnabled":false}
[info] i  dataconnect: ensuring required API sqladmin.googleapis.com is enabled... 
[debug] [2025-04-09T23:54:58.483Z] Checked if tokens are valid: true, expires at: 1744246032362
[debug] [2025-04-09T23:54:58.484Z] Checked if tokens are valid: true, expires at: 1744246032362
[debug] [2025-04-09T23:54:58.484Z] >>> [apiv2][query] GET https://serviceusage.googleapis.com/v1/projects/elora-tech-institute/services/sqladmin.googleapis.com [none]
[debug] [2025-04-09T23:54:58.484Z] >>> [apiv2][(partial)header] GET https://serviceusage.googleapis.com/v1/projects/elora-tech-institute/services/sqladmin.googleapis.com x-goog-quota-user=projects/elora-tech-institute
[debug] [2025-04-09T23:55:00.272Z] <<< [apiv2][status] GET https://serviceusage.googleapis.com/v1/projects/elora-tech-institute/services/sqladmin.googleapis.com 200
[debug] [2025-04-09T23:55:00.272Z] <<< [apiv2][body] GET https://serviceusage.googleapis.com/v1/projects/elora-tech-institute/services/sqladmin.googleapis.com [omitted]
[info] +  dataconnect: required API sqladmin.googleapis.com is enabled 
[info] i  dataconnect\dataconnect.yaml is unchanged 
[info] i  dataconnect\schema\schema.gql is unchanged 
[info] i  dataconnect\connector\connector.yaml is unchanged 
[info] i  dataconnect\connector\queries.gql is unchanged 
[info] i  dataconnect\connector\mutations.gql is unchanged 
[info] i  If you'd like to add the generated SDK to your app later, run firebase init dataconnect:sdk 
[info] i  If you'd like to provision a CloudSQL Postgres instance on the Firebase Data Connect no-cost trial:
1. Please upgrade to the pay-as-you-go (Blaze) billing plan. Visit the following page:
     https://console.firebase.google.com/project/elora-tech-institute/usage/details
2. Run firebase init dataconnect again to configure the Cloud SQL instance.
3. Run firebase deploy --only dataconnect to deploy your Data Connect service. 
[info] 
=== Firestore Setup
[debug] [2025-04-09T23:55:00.304Z] Checked if tokens are valid: true, expires at: 1744246032362
[debug] [2025-04-09T23:55:00.305Z] Checked if tokens are valid: true, expires at: 1744246032362
[debug] [2025-04-09T23:55:00.305Z] >>> [apiv2][query] GET https://serviceusage.googleapis.com/v1/projects/elora-tech-institute/services/firestore.googleapis.com [none]
[debug] [2025-04-09T23:55:00.305Z] >>> [apiv2][(partial)header] GET https://serviceusage.googleapis.com/v1/projects/elora-tech-institute/services/firestore.googleapis.com x-goog-quota-user=projects/elora-tech-institute
[debug] [2025-04-09T23:55:00.797Z] <<< [apiv2][status] GET https://serviceusage.googleapis.com/v1/projects/elora-tech-institute/services/firestore.googleapis.com 200
[debug] [2025-04-09T23:55:00.797Z] <<< [apiv2][body] GET https://serviceusage.googleapis.com/v1/projects/elora-tech-institute/services/firestore.googleapis.com [omitted]
[debug] [2025-04-09T23:55:00.798Z] Checked if tokens are valid: true, expires at: 1744246032362
[debug] [2025-04-09T23:55:00.798Z] Checked if tokens are valid: true, expires at: 1744246032362
[debug] [2025-04-09T23:55:00.798Z] >>> [apiv2][query] GET https://firestore.googleapis.com/v1/projects/elora-tech-institute/databases/(default) [none]
[debug] [2025-04-09T23:55:01.998Z] <<< [apiv2][status] GET https://firestore.googleapis.com/v1/projects/elora-tech-institute/databases/(default) 200
[debug] [2025-04-09T23:55:01.999Z] <<< [apiv2][body] GET https://firestore.googleapis.com/v1/projects/elora-tech-institute/databases/(default) {"name":"projects/elora-tech-institute/databases/(default)","uid":"6d8912b4-6fa2-48e0-84c9-a96184133f52","createTime":"2025-04-09T23:53:52.711093Z","updateTime":"2025-04-09T23:53:52.711093Z","locationId":"nam5","type":"FIRESTORE_NATIVE","concurrencyMode":"PESSIMISTIC","versionRetentionPeriod":"3600s","earliestVersionTime":"2025-04-09T23:53:52.711093Z","appEngineIntegrationMode":"DISABLED","keyPrefix":"s","pointInTimeRecoveryEnablement":"POINT_IN_TIME_RECOVERY_DISABLED","deleteProtectionState":"DELETE_PROTECTION_DISABLED","databaseEdition":"STANDARD","freeTier":true,"etag":"IODLwpeTzIwDMLW7yPOSzIwD"}
[debug] [2025-04-09T23:55:01.999Z] database_type: FIRESTORE_NATIVE
[debug] [2025-04-09T23:55:01.999Z] database_type: FIRESTORE_NATIVE
[debug] [2025-04-09T23:55:02.000Z] > command requires scopes: ["email","openid","https://www.googleapis.com/auth/cloudplatformprojects.readonly","https://www.googleapis.com/auth/firebase","https://www.googleapis.com/auth/cloud-platform"]
[debug] [2025-04-09T23:55:02.000Z] > authorizing via signed-in user (florenceonyi09@gmail.com)
[debug] [2025-04-09T23:55:02.000Z] [iam] checking project elora-tech-institute for permissions ["firebase.projects.get"]
[debug] [2025-04-09T23:55:02.002Z] Checked if tokens are valid: true, expires at: 1744246032362
[debug] [2025-04-09T23:55:02.002Z] Checked if tokens are valid: true, expires at: 1744246032362
[debug] [2025-04-09T23:55:02.003Z] >>> [apiv2][query] POST https://cloudresourcemanager.googleapis.com/v1/projects/elora-tech-institute:testIamPermissions [none]
[debug] [2025-04-09T23:55:02.003Z] >>> [apiv2][(partial)header] POST https://cloudresourcemanager.googleapis.com/v1/projects/elora-tech-institute:testIamPermissions x-goog-quota-user=projects/elora-tech-institute
[debug] [2025-04-09T23:55:02.003Z] >>> [apiv2][body] POST https://cloudresourcemanager.googleapis.com/v1/projects/elora-tech-institute:testIamPermissions {"permissions":["firebase.projects.get"]}
[debug] [2025-04-09T23:55:04.208Z] <<< [apiv2][status] POST https://cloudresourcemanager.googleapis.com/v1/projects/elora-tech-institute:testIamPermissions 200
[debug] [2025-04-09T23:55:04.209Z] <<< [apiv2][body] POST https://cloudresourcemanager.googleapis.com/v1/projects/elora-tech-institute:testIamPermissions {"permissions":["firebase.projects.get"]}
[info] 
[info] Firestore Security Rules allow you to define how and when to allow
[info] requests. You can keep these rules in your project directory
[info] and publish them with firebase deploy.
[info] 
